0 info it worked if it ends with ok
1 verbose cli [ '/usr/local/bin/node', '/usr/local/bin/npm', 'publish' ]
2 info using npm@2.11.3
3 info using node@v0.12.7
4 verbose publish [ '.' ]
5 silly cache add args [ '.', null ]
6 verbose cache add spec .
7 silly cache add parsed spec { raw: '.',
7 silly cache add   scope: null,
7 silly cache add   name: null,
7 silly cache add   rawSpec: '.',
7 silly cache add   spec: '/Users/blunatic/Desktop/Workspace/Node/internet-archive',
7 silly cache add   type: 'directory' }
8 verbose addLocalDirectory /Users/blunatic/.npm/internet-archive/1.0.1/package.tgz not in flight; packing
9 verbose tar pack [ '/Users/blunatic/.npm/internet-archive/1.0.1/package.tgz',
9 verbose tar pack   '/Users/blunatic/Desktop/Workspace/Node/internet-archive' ]
10 verbose tarball /Users/blunatic/.npm/internet-archive/1.0.1/package.tgz
11 verbose folder /Users/blunatic/Desktop/Workspace/Node/internet-archive
12 info prepublish internet-archive@1.0.1
13 verbose addLocalTarball adding from inside cache /Users/blunatic/.npm/internet-archive/1.0.1/package.tgz
14 silly cache afterAdd internet-archive@1.0.1
15 verbose afterAdd /Users/blunatic/.npm/internet-archive/1.0.1/package/package.json not in flight; writing
16 verbose afterAdd /Users/blunatic/.npm/internet-archive/1.0.1/package/package.json written
17 silly publish { name: 'internet-archive',
17 silly publish   version: '1.0.1',
17 silly publish   description: 'a module for accessing the Internet Archive API',
17 silly publish   main: 'index.js',
17 silly publish   dependencies: { qs: '^5.1.0', request: '^2.64.0' },
17 silly publish   scripts: { test: 'echo "Error: no test specified" && exit 1' },
17 silly publish   repository:
17 silly publish    { type: 'git',
17 silly publish      url: 'git+https://github.com/blunatic/internet-archive.git' },
17 silly publish   keywords:
17 silly publish    [ 'internetarchive',
17 silly publish      'internet',
17 silly publish      'archive',
17 silly publish      'videos',
17 silly publish      'audio',
17 silly publish      'books',
17 silly publish      'text',
17 silly publish      'free',
17 silly publish      'creative',
17 silly publish      'commons' ],
17 silly publish   author: { name: 'blunatic' },
17 silly publish   license: 'MIT',
17 silly publish   bugs: { url: 'https://github.com/blunatic/internet-archive/issues' },
17 silly publish   homepage: 'https://github.com/blunatic/internet-archive#readme',
17 silly publish   devDependencies: { qs: '^5.1.0', request: '^2.64.0' },
17 silly publish   readme: '# internet-archive\nAn npm module for the [Internet Archive API](https://archive.org/help/json.php).\n\n## Usage\n\n#### Main Endpoints\n\nOnly two endpoints are present:\n* `advancedSearch`\n* `featured`\n\nBegin by including the module:\n\n``` javascript\nvar ia = require(\'internet-archive\');\n\n```\n\n#### Advanced Search\n\nCreate an options/parameters object, and specify the query, number of results to show, and the filter on what information to return for each result.\n\nThe below example\'s query searches for movies that match \'Disneyland\' and are part of either the home_movies or prelingerhomemovies collection. The example returns up to 15 results, and specifies that only the identifier, title, collection, number of downloads/views, description and date fields are returned for each result.\n\nPlease see the Internet Archive\'s API [Example queries page](https://archive.org/advancedsearch.php#raw) for further information on precise queries and using boolean operators.\n\n``` javascript\nvar params = {\n q: \'Disneyland AND mediatype:movies AND collection:(home_movies OR prelingerhomemovies)\',\n rows: \'15\',\n fl: [\'identifier, title,collection,downloads,description,date\']\n};\n\nia.advancedSearch(params, function(err, results) {\n\tif (err) console.error(err);\n\tconsole.log(JSON.stringify(results.response, null, 2));\n});\n\n```\n\n#### Metadata\n\nTo return a specific item\'s details, you\'ll need the item\'s identifier from advancedSearch.\n\n``` javascript\nia.metadata(\'FrankenberryCountChoculaTevevisionCommercial1971\', function(err, results){\n\tif (err) console.error(err);\n\tconsole.log(JSON.stringify(results, null, 2));\n});\n\n```',
17 silly publish   readmeFilename: 'README.md',
17 silly publish   gitHead: '023e037588d2f3900667ae8c75cf32a87b1ea95f',
17 silly publish   _id: 'internet-archive@1.0.1',
17 silly publish   _shasum: 'd90414f53e908032d1c7d94a77c355d940e6504a',
17 silly publish   _from: '.' }
18 verbose getPublishConfig undefined
19 silly mapToRegistry name internet-archive
20 silly mapToRegistry using default registry
21 silly mapToRegistry registry https://registry.npmjs.org/
22 silly mapToRegistry uri https://registry.npmjs.org/internet-archive
23 verbose publish registryBase https://registry.npmjs.org/
24 silly publish uploading /Users/blunatic/.npm/internet-archive/1.0.1/package.tgz
25 verbose request uri https://registry.npmjs.org/internet-archive
26 verbose request sending authorization for write operation
27 info attempt registry request try #1 at 3:13:40 PM
28 verbose request using bearer token for auth
29 verbose request id 70c3b00206266b4c
30 http request PUT https://registry.npmjs.org/internet-archive
31 http 403 https://registry.npmjs.org/internet-archive
32 verbose headers { 'content-type': 'application/json',
32 verbose headers   'cache-control': 'max-age=60',
32 verbose headers   'content-length': '95',
32 verbose headers   'accept-ranges': 'bytes',
32 verbose headers   date: 'Sun, 04 Oct 2015 22:13:41 GMT',
32 verbose headers   via: '1.1 varnish',
32 verbose headers   connection: 'keep-alive',
32 verbose headers   'x-served-by': 'cache-lax1423-LAX',
32 verbose headers   'x-cache': 'MISS',
32 verbose headers   'x-cache-hits': '0',
32 verbose headers   'x-timer': 'S1443996821.138335,VS0,VE134' }
33 verbose request invalidating /Users/blunatic/.npm/registry.npmjs.org/internet-archive on PUT
34 error publish Failed PUT 403
35 verbose stack Error: "You cannot publish over the previously published version 1.0.1." : internet-archive
35 verbose stack     at CachingRegistryClient.<anonymous> (/usr/local/lib/node_modules/npm/node_modules/npm-registry-client/lib/request.js:247:14)
35 verbose stack     at Request._callback (/usr/local/lib/node_modules/npm/node_modules/npm-registry-client/lib/request.js:170:14)
35 verbose stack     at Request.self.callback (/usr/local/lib/node_modules/npm/node_modules/request/request.js:354:22)
35 verbose stack     at Request.emit (events.js:110:17)
35 verbose stack     at Request.<anonymous> (/usr/local/lib/node_modules/npm/node_modules/request/request.js:1207:14)
35 verbose stack     at Request.emit (events.js:129:20)
35 verbose stack     at IncomingMessage.<anonymous> (/usr/local/lib/node_modules/npm/node_modules/request/request.js:1153:12)
35 verbose stack     at IncomingMessage.emit (events.js:129:20)
35 verbose stack     at _stream_readable.js:908:16
35 verbose stack     at process._tickCallback (node.js:355:11)
36 verbose statusCode 403
37 verbose pkgid internet-archive
38 verbose cwd /Users/blunatic/Desktop/Workspace/Node/internet-archive
39 error Darwin 14.5.0
40 error argv "/usr/local/bin/node" "/usr/local/bin/npm" "publish"
41 error node v0.12.7
42 error npm  v2.11.3
43 error code E403
44 error "You cannot publish over the previously published version 1.0.1." : internet-archive
45 error If you need help, you may report this error at:
45 error     <https://github.com/npm/npm/issues>
46 verbose exit [ 1, true ]
